<?xml version="1.0"?>
<!DOCTYPE test []>

<test>

<text type="block" active="no">

<p>A. not active block</p>

<p>p1text text text text text text text text text text text text text
text text text text text text text text text text text text text text
text text text text text text text text text text text text text</p>

<p>p2text text text text text text text text text text text text text
text text text text text text text text text text text text text text
text text text text text text text text text text text text text</p>

</text>

<text type="block" active="yes">

<p>B. Active block</p>

<p>p1text text text text text text text text text text text text text
text text text text text text text text text text text text text text
text text text text text text text text text text text text text</p>

<p>p2text text text text text text text text text text text text text
text text text text text text text text text text text text text text
text text text text text text text text text text text text text</p>

</text>

<text type="indent">

<p>C. indent</p>

<p>p1text text texto text text text text text text text text text text
text text text text text text text text text text text text text text
text text text text text text text text text text text text text</p>

<p>p2text text text text text text text text text text text text text
text text text text text text text text text text text text text text
text text text text text text text text text text text text text</p>

</text>

<text type="pre">
D. pre text text text text text text text text text text text text text
     text text text text text text text text text text text text text text
     text text text text text text text text text text text text text

text text text text text text text text text text text text text
     text text text text text text text text text text text text text text
          text text text text text text text text text text text text text
</text>

<text type="pre">
E. pre no p text text text text text text text text text text text text text
     text text text text text text text text text text text text text text
     text text text text text text text text text text text text text

text text text text text text text text text text text text text
     text text text text text text text text text text text text text text
          text text text text text text text text text text text text text
</text>

<text type="block">
F. p1 block text text text text text text text text text text text text text
text text text text text text text text text text text text text
text text text text text text text text text text text text text

p2text text text text text text text text text text text text text
text text text text text text text text text text text text text
text text text text text text text text text text text text text
 
p3text text text text text text text text text text text text text
text text text text text text text text text text text text text
text text text text text text text text text text text text text

p4text text text text text text text text text text text text text
text text text text text text text text text text text text text
text text text text text text text text text text text text text
</text>

<text type="block">

G. p1 block text text text text text text text text text text text text text
text text text text text text text text text text text text text
text text text text text text text text text text text text text

<p>p2text text text text text text text text text text text text text
text text text text text text text text text text text text text text
text text text text text text text text text text text text text</p>
p3text text text text text text text text text text text text text
text text text text text text text text text text text text text text
text text text text text text text text text text text text text

<p>p4text text text text text text text text text text text text text
text text text text text text text text text text text text text text
text text text text text text text text text text text text text</p>

</text>

<text type="block">
<p>H. p1 block text text text text text text text text text text text text text
text text text text text text text text text text text text text text
text text text text text text text text text text text text text</p>
<p>p2text text text text text text text text text text text text text
text text text text text text text text text text text text text text
text text text text text text text text text text text text text</p>
p3text text text text text text text text text text text text text
text text text text text text text text text text text text text text
text text text text text text text text text text text text text

<p>p4text text text text text text text text text text text text text
text text text text text text text text text text text text text text
text text text text text text text text text text text text text</p>

</text>

</test>
