<?xml version='1.0' encoding='utf-8'?>
<!DOCTYPE html PUBLIC "-//W3C//DTD XHTML 1.0 Transitional//EN" "xhtml/xhtml1-transitional.dtd" []>
<html xmlns="http://www.w3.org/1999/xhtml">
  <head>
    <title>title</title>
  </head>
  <body>
    <p/>
    <p>paragraph f jsfsdfsdfsd sdf sdf sd fsd f sdf ds f dsf ew fw fwef ew fwef w wf ew fwe f ewf wef f we few f we fdfsf sdf sd f sdf sd f sdf sd f sd fsd f dsf dsf sd f sd ff f sd f sdf s d wwfwe we fe </p>
    <p>paragraph s df sd f sd fsd f dsf ds f sdf ds f sd f sdaf asd fsd f df sd f ds f dsf sd f dsf ds ew few wwewefw fweweffw ff wwfwf wwe fw wf we we wfw</p>
    <p>sdfsd f sd fsd f sd fsd f ds fd sf ds ds fds ds fsd fs ds ddsf sdf sf sd fs dsf ds f sd f s f sd fsd f sd s d</p>
    <p>sfsd fsd fsd dsfsd fsf sfs fdsf</p>
    <p>sd fds f sdfds </p>
  </body>
</html>

